Copyright 1986-2017 Xilinx, Inc. All Rights Reserved.
------------------------------------------------------------------------------------
| Tool Version : Vivado v.2017.2 (lin64) Build 1909853 Thu Jun 15 18:39:10 MDT 2017
| Date         : Sat Jun 30 19:37:09 2018
| Host         : NAGS31 running 64-bit unknown
| Command      : report_drc -file design_1_wrapper_drc_opted.rpt
| Design       : design_1_wrapper
| Device       : xc7z020clg400-1
| Speed File   : -1
| Design State : Synthesized
------------------------------------------------------------------------------------

Report DRC

Table of Contents
-----------------
1. REPORT SUMMARY
2. REPORT DETAILS

1. REPORT SUMMARY
-----------------
            Netlist: netlist
          Floorplan: design_1
      Design limits: <entire design considered>
           Ruledeck: default
             Max violations: <unlimited>
             Violations found: 29
+--------+----------+------------------------+------------+
| Rule   | Severity | Description            | Violations |
+--------+----------+------------------------+------------+
| DPIP-1 | Warning  | Input pipelining       | 9          |
| DPOP-1 | Warning  | PREG Output pipelining | 7          |
| DPOP-2 | Warning  | MREG Output pipelining | 13         |
+--------+----------+------------------------+------------+

2. REPORT DETAILS
-----------------
DPIP-1#1 Warning
Input pipelining  
DSP design_1_i/matrixAvg_0/U0/matrixAvg_mul_32seOg_U1/matrixAvg_mul_32seOg_MulnS_0_U/p_tmp_reg__0 input design_1_i/matrixAvg_0/U0/matrixAvg_mul_32seOg_U1/matrixAvg_mul_32seOg_MulnS_0_U/p_tmp_reg__0/B[17:0] is not pipelined. Pipelining DSP48 input will improve performance.
Related violations: <none>

DPIP-1#2 Warning
Input pipelining  
DSP design_1_i/matrixAvg_0/U0/matrixAvg_mul_32seOg_U1/matrixAvg_mul_32seOg_MulnS_0_U/tmp_product input design_1_i/matrixAvg_0/U0/matrixAvg_mul_32seOg_U1/matrixAvg_mul_32seOg_MulnS_0_U/tmp_product/B[17:0] is not pipelined. Pipelining DSP48 input will improve performance.
Related violations: <none>

DPIP-1#3 Warning
Input pipelining  
DSP design_1_i/matrixAvg_0/U0/matrixAvg_mul_32seOg_U1/matrixAvg_mul_32seOg_MulnS_0_U/tmp_product__0 input design_1_i/matrixAvg_0/U0/matrixAvg_mul_32seOg_U1/matrixAvg_mul_32seOg_MulnS_0_U/tmp_product__0/A[29:0] is not pipelined. Pipelining DSP48 input will improve performance.
Related violations: <none>

DPIP-1#4 Warning
Input pipelining  
DSP design_1_i/matrixAvg_0/U0/matrixAvg_mul_32seOg_U2/matrixAvg_mul_32seOg_MulnS_0_U/p_tmp_reg__0 input design_1_i/matrixAvg_0/U0/matrixAvg_mul_32seOg_U2/matrixAvg_mul_32seOg_MulnS_0_U/p_tmp_reg__0/B[17:0] is not pipelined. Pipelining DSP48 input will improve performance.
Related violations: <none>

DPIP-1#5 Warning
Input pipelining  
DSP design_1_i/matrixAvg_0/U0/matrixAvg_mul_32seOg_U2/matrixAvg_mul_32seOg_MulnS_0_U/tmp_product input design_1_i/matrixAvg_0/U0/matrixAvg_mul_32seOg_U2/matrixAvg_mul_32seOg_MulnS_0_U/tmp_product/B[17:0] is not pipelined. Pipelining DSP48 input will improve performance.
Related violations: <none>

DPIP-1#6 Warning
Input pipelining  
DSP design_1_i/matrixAvg_0/U0/matrixAvg_mul_32seOg_U2/matrixAvg_mul_32seOg_MulnS_0_U/tmp_product__0 input design_1_i/matrixAvg_0/U0/matrixAvg_mul_32seOg_U2/matrixAvg_mul_32seOg_MulnS_0_U/tmp_product__0/A[29:0] is not pipelined. Pipelining DSP48 input will improve performance.
Related violations: <none>

DPIP-1#7 Warning
Input pipelining  
DSP design_1_i/matrixAvg_0/U0/matrixAvg_mul_32seOg_U3/matrixAvg_mul_32seOg_MulnS_0_U/p_tmp_reg__0 input design_1_i/matrixAvg_0/U0/matrixAvg_mul_32seOg_U3/matrixAvg_mul_32seOg_MulnS_0_U/p_tmp_reg__0/B[17:0] is not pipelined. Pipelining DSP48 input will improve performance.
Related violations: <none>

DPIP-1#8 Warning
Input pipelining  
DSP design_1_i/matrixAvg_0/U0/matrixAvg_mul_32seOg_U3/matrixAvg_mul_32seOg_MulnS_0_U/tmp_product input design_1_i/matrixAvg_0/U0/matrixAvg_mul_32seOg_U3/matrixAvg_mul_32seOg_MulnS_0_U/tmp_product/B[17:0] is not pipelined. Pipelining DSP48 input will improve performance.
Related violations: <none>

DPIP-1#9 Warning
Input pipelining  
DSP design_1_i/matrixAvg_0/U0/matrixAvg_mul_32seOg_U3/matrixAvg_mul_32seOg_MulnS_0_U/tmp_product__0 input design_1_i/matrixAvg_0/U0/matrixAvg_mul_32seOg_U3/matrixAvg_mul_32seOg_MulnS_0_U/tmp_product__0/A[29:0] is not pipelined. Pipelining DSP48 input will improve performance.
Related violations: <none>

DPOP-1#1 Warning
PREG Output pipelining  
DSP design_1_i/matrixAvg_0/U0/matrixAvg_mac_mulfYi_U4/matrixAvg_mac_mulfYi_DSP48_0_U/p output design_1_i/matrixAvg_0/U0/matrixAvg_mac_mulfYi_U4/matrixAvg_mac_mulfYi_DSP48_0_U/p/P[47:0] is not pipelined (PREG=0). Pipelining the DSP48 output will improve performance and often saves power so it is suggested whenever possible to fully pipeline this function.  If this DSP48 function was inferred, it is suggested to describe an additional register stage after this function.  If the DSP48 was instantiated in the design, it is suggested to set the PREG attribute to 1.
Related violations: <none>

DPOP-1#2 Warning
PREG Output pipelining  
DSP design_1_i/matrixAvg_0/U0/matrixAvg_mul_32seOg_U1/matrixAvg_mul_32seOg_MulnS_0_U/tmp_product output design_1_i/matrixAvg_0/U0/matrixAvg_mul_32seOg_U1/matrixAvg_mul_32seOg_MulnS_0_U/tmp_product/P[47:0] is not pipelined (PREG=0). Pipelining the DSP48 output will improve performance and often saves power so it is suggested whenever possible to fully pipeline this function.  If this DSP48 function was inferred, it is suggested to describe an additional register stage after this function.  If the DSP48 was instantiated in the design, it is suggested to set the PREG attribute to 1.
Related violations: <none>

DPOP-1#3 Warning
PREG Output pipelining  
DSP design_1_i/matrixAvg_0/U0/matrixAvg_mul_32seOg_U1/matrixAvg_mul_32seOg_MulnS_0_U/tmp_product__0 output design_1_i/matrixAvg_0/U0/matrixAvg_mul_32seOg_U1/matrixAvg_mul_32seOg_MulnS_0_U/tmp_product__0/P[47:0] is not pipelined (PREG=0). Pipelining the DSP48 output will improve performance and often saves power so it is suggested whenever possible to fully pipeline this function.  If this DSP48 function was inferred, it is suggested to describe an additional register stage after this function.  If the DSP48 was instantiated in the design, it is suggested to set the PREG attribute to 1.
Related violations: <none>

DPOP-1#4 Warning
PREG Output pipelining  
DSP design_1_i/matrixAvg_0/U0/matrixAvg_mul_32seOg_U2/matrixAvg_mul_32seOg_MulnS_0_U/tmp_product output design_1_i/matrixAvg_0/U0/matrixAvg_mul_32seOg_U2/matrixAvg_mul_32seOg_MulnS_0_U/tmp_product/P[47:0] is not pipelined (PREG=0). Pipelining the DSP48 output will improve performance and often saves power so it is suggested whenever possible to fully pipeline this function.  If this DSP48 function was inferred, it is suggested to describe an additional register stage after this function.  If the DSP48 was instantiated in the design, it is suggested to set the PREG attribute to 1.
Related violations: <none>

DPOP-1#5 Warning
PREG Output pipelining  
DSP design_1_i/matrixAvg_0/U0/matrixAvg_mul_32seOg_U2/matrixAvg_mul_32seOg_MulnS_0_U/tmp_product__0 output design_1_i/matrixAvg_0/U0/matrixAvg_mul_32seOg_U2/matrixAvg_mul_32seOg_MulnS_0_U/tmp_product__0/P[47:0] is not pipelined (PREG=0). Pipelining the DSP48 output will improve performance and often saves power so it is suggested whenever possible to fully pipeline this function.  If this DSP48 function was inferred, it is suggested to describe an additional register stage after this function.  If the DSP48 was instantiated in the design, it is suggested to set the PREG attribute to 1.
Related violations: <none>

DPOP-1#6 Warning
PREG Output pipelining  
DSP design_1_i/matrixAvg_0/U0/matrixAvg_mul_32seOg_U3/matrixAvg_mul_32seOg_MulnS_0_U/tmp_product output design_1_i/matrixAvg_0/U0/matrixAvg_mul_32seOg_U3/matrixAvg_mul_32seOg_MulnS_0_U/tmp_product/P[47:0] is not pipelined (PREG=0). Pipelining the DSP48 output will improve performance and often saves power so it is suggested whenever possible to fully pipeline this function.  If this DSP48 function was inferred, it is suggested to describe an additional register stage after this function.  If the DSP48 was instantiated in the design, it is suggested to set the PREG attribute to 1.
Related violations: <none>

DPOP-1#7 Warning
PREG Output pipelining  
DSP design_1_i/matrixAvg_0/U0/matrixAvg_mul_32seOg_U3/matrixAvg_mul_32seOg_MulnS_0_U/tmp_product__0 output design_1_i/matrixAvg_0/U0/matrixAvg_mul_32seOg_U3/matrixAvg_mul_32seOg_MulnS_0_U/tmp_product__0/P[47:0] is not pipelined (PREG=0). Pipelining the DSP48 output will improve performance and often saves power so it is suggested whenever possible to fully pipeline this function.  If this DSP48 function was inferred, it is suggested to describe an additional register stage after this function.  If the DSP48 was instantiated in the design, it is suggested to set the PREG attribute to 1.
Related violations: <none>

DPOP-2#1 Warning
MREG Output pipelining  
DSP design_1_i/matrixAvg_0/U0/matrixAvg_mac_mulfYi_U4/matrixAvg_mac_mulfYi_DSP48_0_U/p multiplier stage design_1_i/matrixAvg_0/U0/matrixAvg_mac_mulfYi_U4/matrixAvg_mac_mulfYi_DSP48_0_U/p/P[47:0] is not pipelined (MREG=0). Pipelining the multiplier function will improve performance and will save significant power so it is suggested whenever possible to fully pipeline this function.  If this multiplier was inferred, it is suggested to describe an additional register stage after this function.  If there is no registered adder/accumulator following the multiply function, two pipeline stages are suggested to allow both the MREG and PREG registers to be used.  If the DSP48 was instantiated in the design, it is suggested to set both the MREG and PREG attributes to 1 when performing multiply functions.
Related violations: <none>

DPOP-2#2 Warning
MREG Output pipelining  
DSP design_1_i/matrixAvg_0/U0/matrixAvg_mul_32seOg_U1/matrixAvg_mul_32seOg_MulnS_0_U/p_tmp_reg__0 multiplier stage design_1_i/matrixAvg_0/U0/matrixAvg_mul_32seOg_U1/matrixAvg_mul_32seOg_MulnS_0_U/p_tmp_reg__0/P[47:0] is not pipelined (MREG=0). Pipelining the multiplier function will improve performance and will save significant power so it is suggested whenever possible to fully pipeline this function.  If this multiplier was inferred, it is suggested to describe an additional register stage after this function.  If there is no registered adder/accumulator following the multiply function, two pipeline stages are suggested to allow both the MREG and PREG registers to be used.  If the DSP48 was instantiated in the design, it is suggested to set both the MREG and PREG attributes to 1 when performing multiply functions.
Related violations: <none>

DPOP-2#3 Warning
MREG Output pipelining  
DSP design_1_i/matrixAvg_0/U0/matrixAvg_mul_32seOg_U1/matrixAvg_mul_32seOg_MulnS_0_U/p_tmp_reg__2 multiplier stage design_1_i/matrixAvg_0/U0/matrixAvg_mul_32seOg_U1/matrixAvg_mul_32seOg_MulnS_0_U/p_tmp_reg__2/P[47:0] is not pipelined (MREG=0). Pipelining the multiplier function will improve performance and will save significant power so it is suggested whenever possible to fully pipeline this function.  If this multiplier was inferred, it is suggested to describe an additional register stage after this function.  If there is no registered adder/accumulator following the multiply function, two pipeline stages are suggested to allow both the MREG and PREG registers to be used.  If the DSP48 was instantiated in the design, it is suggested to set both the MREG and PREG attributes to 1 when performing multiply functions.
Related violations: <none>

DPOP-2#4 Warning
MREG Output pipelining  
DSP design_1_i/matrixAvg_0/U0/matrixAvg_mul_32seOg_U1/matrixAvg_mul_32seOg_MulnS_0_U/tmp_product multiplier stage design_1_i/matrixAvg_0/U0/matrixAvg_mul_32seOg_U1/matrixAvg_mul_32seOg_MulnS_0_U/tmp_product/P[47:0] is not pipelined (MREG=0). Pipelining the multiplier function will improve performance and will save significant power so it is suggested whenever possible to fully pipeline this function.  If this multiplier was inferred, it is suggested to describe an additional register stage after this function.  If there is no registered adder/accumulator following the multiply function, two pipeline stages are suggested to allow both the MREG and PREG registers to be used.  If the DSP48 was instantiated in the design, it is suggested to set both the MREG and PREG attributes to 1 when performing multiply functions.
Related violations: <none>

DPOP-2#5 Warning
MREG Output pipelining  
DSP design_1_i/matrixAvg_0/U0/matrixAvg_mul_32seOg_U1/matrixAvg_mul_32seOg_MulnS_0_U/tmp_product__0 multiplier stage design_1_i/matrixAvg_0/U0/matrixAvg_mul_32seOg_U1/matrixAvg_mul_32seOg_MulnS_0_U/tmp_product__0/P[47:0] is not pipelined (MREG=0). Pipelining the multiplier function will improve performance and will save significant power so it is suggested whenever possible to fully pipeline this function.  If this multiplier was inferred, it is suggested to describe an additional register stage after this function.  If there is no registered adder/accumulator following the multiply function, two pipeline stages are suggested to allow both the MREG and PREG registers to be used.  If the DSP48 was instantiated in the design, it is suggested to set both the MREG and PREG attributes to 1 when performing multiply functions.
Related violations: <none>

DPOP-2#6 Warning
MREG Output pipelining  
DSP design_1_i/matrixAvg_0/U0/matrixAvg_mul_32seOg_U2/matrixAvg_mul_32seOg_MulnS_0_U/p_tmp_reg__0 multiplier stage design_1_i/matrixAvg_0/U0/matrixAvg_mul_32seOg_U2/matrixAvg_mul_32seOg_MulnS_0_U/p_tmp_reg__0/P[47:0] is not pipelined (MREG=0). Pipelining the multiplier function will improve performance and will save significant power so it is suggested whenever possible to fully pipeline this function.  If this multiplier was inferred, it is suggested to describe an additional register stage after this function.  If there is no registered adder/accumulator following the multiply function, two pipeline stages are suggested to allow both the MREG and PREG registers to be used.  If the DSP48 was instantiated in the design, it is suggested to set both the MREG and PREG attributes to 1 when performing multiply functions.
Related violations: <none>

DPOP-2#7 Warning
MREG Output pipelining  
DSP design_1_i/matrixAvg_0/U0/matrixAvg_mul_32seOg_U2/matrixAvg_mul_32seOg_MulnS_0_U/p_tmp_reg__2 multiplier stage design_1_i/matrixAvg_0/U0/matrixAvg_mul_32seOg_U2/matrixAvg_mul_32seOg_MulnS_0_U/p_tmp_reg__2/P[47:0] is not pipelined (MREG=0). Pipelining the multiplier function will improve performance and will save significant power so it is suggested whenever possible to fully pipeline this function.  If this multiplier was inferred, it is suggested to describe an additional register stage after this function.  If there is no registered adder/accumulator following the multiply function, two pipeline stages are suggested to allow both the MREG and PREG registers to be used.  If the DSP48 was instantiated in the design, it is suggested to set both the MREG and PREG attributes to 1 when performing multiply functions.
Related violations: <none>

DPOP-2#8 Warning
MREG Output pipelining  
DSP design_1_i/matrixAvg_0/U0/matrixAvg_mul_32seOg_U2/matrixAvg_mul_32seOg_MulnS_0_U/tmp_product multiplier stage design_1_i/matrixAvg_0/U0/matrixAvg_mul_32seOg_U2/matrixAvg_mul_32seOg_MulnS_0_U/tmp_product/P[47:0] is not pipelined (MREG=0). Pipelining the multiplier function will improve performance and will save significant power so it is suggested whenever possible to fully pipeline this function.  If this multiplier was inferred, it is suggested to describe an additional register stage after this function.  If there is no registered adder/accumulator following the multiply function, two pipeline stages are suggested to allow both the MREG and PREG registers to be used.  If the DSP48 was instantiated in the design, it is suggested to set both the MREG and PREG attributes to 1 when performing multiply functions.
Related violations: <none>

DPOP-2#9 Warning
MREG Output pipelining  
DSP design_1_i/matrixAvg_0/U0/matrixAvg_mul_32seOg_U2/matrixAvg_mul_32seOg_MulnS_0_U/tmp_product__0 multiplier stage design_1_i/matrixAvg_0/U0/matrixAvg_mul_32seOg_U2/matrixAvg_mul_32seOg_MulnS_0_U/tmp_product__0/P[47:0] is not pipelined (MREG=0). Pipelining the multiplier function will improve performance and will save significant power so it is suggested whenever possible to fully pipeline this function.  If this multiplier was inferred, it is suggested to describe an additional register stage after this function.  If there is no registered adder/accumulator following the multiply function, two pipeline stages are suggested to allow both the MREG and PREG registers to be used.  If the DSP48 was instantiated in the design, it is suggested to set both the MREG and PREG attributes to 1 when performing multiply functions.
Related violations: <none>

DPOP-2#10 Warning
MREG Output pipelining  
DSP design_1_i/matrixAvg_0/U0/matrixAvg_mul_32seOg_U3/matrixAvg_mul_32seOg_MulnS_0_U/p_tmp_reg__0 multiplier stage design_1_i/matrixAvg_0/U0/matrixAvg_mul_32seOg_U3/matrixAvg_mul_32seOg_MulnS_0_U/p_tmp_reg__0/P[47:0] is not pipelined (MREG=0). Pipelining the multiplier function will improve performance and will save significant power so it is suggested whenever possible to fully pipeline this function.  If this multiplier was inferred, it is suggested to describe an additional register stage after this function.  If there is no registered adder/accumulator following the multiply function, two pipeline stages are suggested to allow both the MREG and PREG registers to be used.  If the DSP48 was instantiated in the design, it is suggested to set both the MREG and PREG attributes to 1 when performing multiply functions.
Related violations: <none>

DPOP-2#11 Warning
MREG Output pipelining  
DSP design_1_i/matrixAvg_0/U0/matrixAvg_mul_32seOg_U3/matrixAvg_mul_32seOg_MulnS_0_U/p_tmp_reg__2 multiplier stage design_1_i/matrixAvg_0/U0/matrixAvg_mul_32seOg_U3/matrixAvg_mul_32seOg_MulnS_0_U/p_tmp_reg__2/P[47:0] is not pipelined (MREG=0). Pipelining the multiplier function will improve performance and will save significant power so it is suggested whenever possible to fully pipeline this function.  If this multiplier was inferred, it is suggested to describe an additional register stage after this function.  If there is no registered adder/accumulator following the multiply function, two pipeline stages are suggested to allow both the MREG and PREG registers to be used.  If the DSP48 was instantiated in the design, it is suggested to set both the MREG and PREG attributes to 1 when performing multiply functions.
Related violations: <none>

DPOP-2#12 Warning
MREG Output pipelining  
DSP design_1_i/matrixAvg_0/U0/matrixAvg_mul_32seOg_U3/matrixAvg_mul_32seOg_MulnS_0_U/tmp_product multiplier stage design_1_i/matrixAvg_0/U0/matrixAvg_mul_32seOg_U3/matrixAvg_mul_32seOg_MulnS_0_U/tmp_product/P[47:0] is not pipelined (MREG=0). Pipelining the multiplier function will improve performance and will save significant power so it is suggested whenever possible to fully pipeline this function.  If this multiplier was inferred, it is suggested to describe an additional register stage after this function.  If there is no registered adder/accumulator following the multiply function, two pipeline stages are suggested to allow both the MREG and PREG registers to be used.  If the DSP48 was instantiated in the design, it is suggested to set both the MREG and PREG attributes to 1 when performing multiply functions.
Related violations: <none>

DPOP-2#13 Warning
MREG Output pipelining  
DSP design_1_i/matrixAvg_0/U0/matrixAvg_mul_32seOg_U3/matrixAvg_mul_32seOg_MulnS_0_U/tmp_product__0 multiplier stage design_1_i/matrixAvg_0/U0/matrixAvg_mul_32seOg_U3/matrixAvg_mul_32seOg_MulnS_0_U/tmp_product__0/P[47:0] is not pipelined (MREG=0). Pipelining the multiplier function will improve performance and will save significant power so it is suggested whenever possible to fully pipeline this function.  If this multiplier was inferred, it is suggested to describe an additional register stage after this function.  If there is no registered adder/accumulator following the multiply function, two pipeline stages are suggested to allow both the MREG and PREG registers to be used.  If the DSP48 was instantiated in the design, it is suggested to set both the MREG and PREG attributes to 1 when performing multiply functions.
Related violations: <none>


